  ConsoleApplication1.cpp
  inventario.cpp
C:\Users\Isabel\Practica\EIF201-Programaci-n-I-IC2026-\sesion03\ConsoleApplication1\inventario.h(2,1): warning C4067: símbolos (token) inesperados después de la directiva del preprocesador; se esperaba una nueva línea
  (compilando archivo de origen "inventario.cpp")
  
C:\Users\Isabel\Practica\EIF201-Programaci-n-I-IC2026-\sesion03\ConsoleApplication1\inventario.h(3,9): error C2008: '.': no se esperaba en la definición de macro
  (compilando archivo de origen "inventario.cpp")
  
C:\Users\Isabel\Practica\EIF201-Programaci-n-I-IC2026-\sesion03\ConsoleApplication1\productos.h(2,1): warning C4067: símbolos (token) inesperados después de la directiva del preprocesador; se esperaba una nueva línea
  (compilando archivo de origen "inventario.cpp")
  
C:\Users\Isabel\Practica\EIF201-Programaci-n-I-IC2026-\sesion03\ConsoleApplication1\inventario.h(21,16): error C2327: 'EIF201::inventario::productos': no es un nombre de tipo, elemento estático o enumerador
  (compilando archivo de origen "inventario.cpp")
      C:\Users\Isabel\Practica\EIF201-Programaci-n-I-IC2026-\sesion03\ConsoleApplication1\inventario.h(21,16):
      vea la declaración de 'EIF201::inventario::productos'
  
C:\Users\Isabel\Practica\EIF201-Programaci-n-I-IC2026-\sesion03\ConsoleApplication1\inventario.h(24,3): error C2327: 'EIF201::inventario::productos': no es un nombre de tipo, elemento estático o enumerador
  (compilando archivo de origen "inventario.cpp")
      C:\Users\Isabel\Practica\EIF201-Programaci-n-I-IC2026-\sesion03\ConsoleApplication1\inventario.h(24,3):
      vea la declaración de 'EIF201::inventario::productos'
  
  productos.cpp
C:\Users\Isabel\Practica\EIF201-Programaci-n-I-IC2026-\sesion03\ConsoleApplication1\productos.h(2,1): warning C4067: símbolos (token) inesperados después de la directiva del preprocesador; se esperaba una nueva línea
  (compilando archivo de origen "productos.cpp")
  
  Generando código...
